<?xml version="1.0" encoding="UTF-8"?>
<testng-results skipped="0" failed="0" ignored="0" total="1" passed="1">
  <reporter-output>
  </reporter-output>
  <suite name="Default suite" duration-ms="21336" started-at="2019-11-27T14:57:56 IST" finished-at="2019-11-27T14:58:18 IST">
    <groups>
    </groups>
    <test name="Default test" duration-ms="21336" started-at="2019-11-27T14:57:56 IST" finished-at="2019-11-27T14:58:18 IST">
      <class name="com.training.low.tests.TC4_DisplayOrderHistory">
        <test-method status="PASS" signature="setUpBeforeClass()[pri:0, instance:com.training.low.tests.TC4_DisplayOrderHistory@3d99d22e]" name="setUpBeforeClass" is-config="true" duration-ms="16" started-at="2019-11-27T14:57:56 IST" finished-at="2019-11-27T14:57:56 IST">
          <reporter-output>
          </reporter-output>
        </test-method> <!-- setUpBeforeClass -->
        <test-method status="PASS" signature="setUp()[pri:0, instance:com.training.low.tests.TC4_DisplayOrderHistory@3d99d22e]" name="setUp" is-config="true" duration-ms="14558" started-at="2019-11-27T14:57:56 IST" finished-at="2019-11-27T14:58:11 IST">
          <reporter-output>
          </reporter-output>
        </test-method> <!-- setUp -->
        <test-method status="PASS" signature="OrderHistoryDisplay()[pri:0, instance:com.training.low.tests.TC4_DisplayOrderHistory@3d99d22e]" name="OrderHistoryDisplay" duration-ms="4464" started-at="2019-11-27T14:58:11 IST" finished-at="2019-11-27T14:58:15 IST">
          <reporter-output>
          </reporter-output>
        </test-method> <!-- OrderHistoryDisplay -->
        <test-method status="PASS" signature="tearDown()[pri:0, instance:com.training.low.tests.TC4_DisplayOrderHistory@3d99d22e]" name="tearDown" is-config="true" duration-ms="2261" started-at="2019-11-27T14:58:15 IST" finished-at="2019-11-27T14:58:18 IST">
          <reporter-output>
          </reporter-output>
        </test-method> <!-- tearDown -->
      </class> <!-- com.training.low.tests.TC4_DisplayOrderHistory -->
    </test> <!-- Default test -->
  </suite> <!-- Default suite -->
</testng-results>
