<?xml version="1.0" encoding="UTF-8"?>
<testng-results skipped="0" failed="0" ignored="0" total="1" passed="1">
  <reporter-output>
  </reporter-output>
  <suite name="Default suite" duration-ms="34360" started-at="2019-12-03T15:00:47 IST" finished-at="2019-12-03T15:01:21 IST">
    <groups>
    </groups>
    <test name="Default test" duration-ms="34360" started-at="2019-12-03T15:00:47 IST" finished-at="2019-12-03T15:01:21 IST">
      <class name="com.training.medium.tests.TC8_034GuestUserPlaceOrder">
        <test-method status="PASS" signature="setUpBeforeClass()[pri:0, instance:com.training.medium.tests.TC8_034GuestUserPlaceOrder@3d99d22e]" name="setUpBeforeClass" is-config="true" duration-ms="14" started-at="2019-12-03T15:00:47 IST" finished-at="2019-12-03T15:00:47 IST">
          <reporter-output>
          </reporter-output>
        </test-method> <!-- setUpBeforeClass -->
        <test-method status="PASS" signature="setUp()[pri:0, instance:com.training.medium.tests.TC8_034GuestUserPlaceOrder@3d99d22e]" name="setUp" is-config="true" duration-ms="13736" started-at="2019-12-03T15:00:47 IST" finished-at="2019-12-03T15:01:01 IST">
          <reporter-output>
          </reporter-output>
        </test-method> <!-- setUp -->
        <test-method status="PASS" signature="withoutLogin()[pri:0, instance:com.training.medium.tests.TC8_034GuestUserPlaceOrder@3d99d22e]" name="withoutLogin" duration-ms="18238" started-at="2019-12-03T15:01:01 IST" finished-at="2019-12-03T15:01:19 IST">
          <reporter-output>
          </reporter-output>
        </test-method> <!-- withoutLogin -->
        <test-method status="PASS" signature="tearDown()[pri:0, instance:com.training.medium.tests.TC8_034GuestUserPlaceOrder@3d99d22e]" name="tearDown" is-config="true" duration-ms="2331" started-at="2019-12-03T15:01:19 IST" finished-at="2019-12-03T15:01:21 IST">
          <reporter-output>
          </reporter-output>
        </test-method> <!-- tearDown -->
      </class> <!-- com.training.medium.tests.TC8_034GuestUserPlaceOrder -->
    </test> <!-- Default test -->
  </suite> <!-- Default suite -->
</testng-results>
