<?xml version="1.0" encoding="UTF-8"?>
<!-- Generated by org.testng.reporters.JUnitXMLReporter -->
<testsuite hostname="DESKTOP-BPKQ36I" ignored="0" name="Default test" tests="2" failures="0" timestamp="2019-12-04T22:08:06 IST" time="24.224" errors="0">
  <testcase name="addCatagory" time="2.65" classname="com.training.complex.tests.TC9_061AddCustomer"/>
  <testcase name="addCatagory" time="2.608" classname="com.training.complex.tests.TC9_061AddCustomer"/>
</testsuite> <!-- Default test -->
